<?xml version="1.0" encoding="UTF-8"?>
<!-- Generated by org.testng.reporters.JUnitReportReporter -->
<testsuite hostname="NV_YENTT" failures="0" tests="6" name="com.nopcommerce.user.Level_16_P1_Share_Data_Common" time="0.262" errors="0" timestamp="20 Apr 2023 09:22:14 GMT" skipped="0">
  <testcase classname="com.nopcommerce.user.Level_16_P1_Share_Data_Common" name="Search_02_Relative_Product_Name" time="0.008"/>
  <testcase classname="com.nopcommerce.user.Level_16_P1_Share_Data_Common" name="Search_03_Absolute_Product_Name" time="0.012"/>
  <testcase classname="com.nopcommerce.user.Level_16_P1_Share_Data_Common" name="Search_05_Incorrect_Manufactorer" time="0.008"/>
  <testcase classname="com.nopcommerce.user.Level_16_P1_Share_Data_Common" name="Search_04_Parent_Category" time="0.024"/>
  <testcase classname="com.nopcommerce.user.Level_16_P1_Share_Data_Common" name="Search_06_Correct_Manufactorer" time="0.019"/>
  <testcase classname="com.nopcommerce.user.Level_16_P1_Share_Data_Common" name="Search_01_Empty_Data" time="0.191"/>
</testsuite> <!-- com.nopcommerce.user.Level_16_P1_Share_Data_Common -->
