<?xml version="1.0" encoding="UTF-8"?>
<!-- Generated by org.testng.reporters.JUnitReportReporter -->
<testsuite hostname="NV_YENTT" failures="0" tests="10" name="com.nopcommerce.user.Level_09_Dynamic_Locator_02" time="36.514" errors="0" timestamp="09 Apr 2023 09:50:42 GMT" skipped="0">
  <testcase classname="com.nopcommerce.user.Level_09_Dynamic_Locator_02" name="User_03_My_Account_Page" time="0.989"/>
  <testcase classname="com.nopcommerce.user.Level_09_Dynamic_Locator_02" name="User_01_Register" time="6.341"/>
  <testcase classname="com.nopcommerce.user.Level_09_Dynamic_Locator_02" name="User_05_Dynamic_Locator_Page_02" time="1.606"/>
  <testcase classname="com.nopcommerce.user.Level_09_Dynamic_Locator_02" name="User_03_My_Account_Page" time="1.296"/>
  <testcase classname="com.nopcommerce.user.Level_09_Dynamic_Locator_02" name="User_02_Login" time="4.601"/>
  <testcase classname="com.nopcommerce.user.Level_09_Dynamic_Locator_02" name="User_04_Dynamic_Locator_Page_01" time="5.739"/>
  <testcase classname="com.nopcommerce.user.Level_09_Dynamic_Locator_02" name="User_05_Dynamic_Locator_Page_02" time="0.795"/>
  <testcase classname="com.nopcommerce.user.Level_09_Dynamic_Locator_02" name="User_01_Register" time="5.859"/>
  <testcase classname="com.nopcommerce.user.Level_09_Dynamic_Locator_02" name="User_04_Dynamic_Locator_Page_01" time="5.121"/>
  <testcase classname="com.nopcommerce.user.Level_09_Dynamic_Locator_02" name="User_02_Login" time="4.167"/>
</testsuite> <!-- com.nopcommerce.user.Level_09_Dynamic_Locator_02 -->
