<?xml version="1.0" encoding="UTF-8"?>
<!-- Generated by org.testng.reporters.JUnitReportReporter -->
<testsuite hostname="NV_YENTT" failures="0" tests="2" name="com.jquery.datatable.Level_10_P1_DataTable_DataGrid" time="137.053" errors="0" timestamp="09 Apr 2023 09:56:19 GMT" skipped="0">
  <testcase classname="com.jquery.datatable.Level_10_P1_DataTable_DataGrid" name="Table_04_getValueEachRowOfColumnAtAllPage" time="49.730"/>
  <testcase classname="com.jquery.datatable.Level_10_P1_DataTable_DataGrid" name="Table_04_getValueEachRowOfColumnAtAllPage" time="87.323"/>
</testsuite> <!-- com.jquery.datatable.Level_10_P1_DataTable_DataGrid -->
