<?xml version="1.0" encoding="UTF-8"?>
<!-- Generated by org.testng.reporters.JUnitReportReporter -->
<testsuite hostname="NV_YENTT" failures="0" tests="4" name="com.nopcommerce.user.Level_14_Log_ReportNG" time="17.004" errors="0" timestamp="12 Apr 2023 09:34:57 GMT" skipped="0">
  <testcase classname="com.nopcommerce.user.Level_14_Log_ReportNG" name="User_01_Register" time="3.369"/>
  <testcase classname="com.nopcommerce.user.Level_14_Log_ReportNG" name="User_02_Login" time="5.221"/>
  <testcase classname="com.nopcommerce.user.Level_14_Log_ReportNG" name="User_02_Login" time="4.943"/>
  <testcase classname="com.nopcommerce.user.Level_14_Log_ReportNG" name="User_01_Register" time="3.471"/>
</testsuite> <!-- com.nopcommerce.user.Level_14_Log_ReportNG -->
