<?xml version="1.0" encoding="UTF-8"?>
<!-- Generated by org.testng.reporters.JUnitReportReporter -->
<testsuite hostname="NV_YENTT" failures="0" tests="6" name="com.nopcommerce.user.Level_16_P3_Share_Data_Cookies" time="0.519" errors="0" timestamp="21 Apr 2023 01:20:06 GMT" skipped="0">
  <testcase classname="com.nopcommerce.user.Level_16_P3_Share_Data_Cookies" name="Search_01_Empty_Data" time="0.451"/>
  <testcase classname="com.nopcommerce.user.Level_16_P3_Share_Data_Cookies" name="Search_03_Absolute_Product_Name" time="0.007"/>
  <testcase classname="com.nopcommerce.user.Level_16_P3_Share_Data_Cookies" name="Search_04_Parent_Category" time="0.026"/>
  <testcase classname="com.nopcommerce.user.Level_16_P3_Share_Data_Cookies" name="Search_05_Incorrect_Manufactorer" time="0.013"/>
  <testcase classname="com.nopcommerce.user.Level_16_P3_Share_Data_Cookies" name="Search_02_Relative_Product_Name" time="0.010"/>
  <testcase classname="com.nopcommerce.user.Level_16_P3_Share_Data_Cookies" name="Search_06_Correct_Manufactorer" time="0.012"/>
</testsuite> <!-- com.nopcommerce.user.Level_16_P3_Share_Data_Cookies -->
