<?xml version="1.0" encoding="UTF-8"?>
<!-- Generated by org.testng.reporters.JUnitReportReporter -->
<testsuite hostname="NV_YENTT" failures="0" tests="6" name="com.nopcommerce.user.Level_01_User_Register_DRY" time="9.512" errors="0" timestamp="09 Apr 2023 07:57:21 GMT" skipped="0">
  <testcase classname="com.nopcommerce.user.Level_01_User_Register_DRY" name="TC_05_Register_Password_Less_Than_6_Chars" time="1.257"/>
  <testcase classname="com.nopcommerce.user.Level_01_User_Register_DRY" name="TC_04_Register_Existing_Email" time="1.675"/>
  <testcase classname="com.nopcommerce.user.Level_01_User_Register_DRY" name="TC_03_Register_Success" time="1.893"/>
  <testcase classname="com.nopcommerce.user.Level_01_User_Register_DRY" name="TC_01_Register_Empty_Data" time="1.804"/>
  <testcase classname="com.nopcommerce.user.Level_01_User_Register_DRY" name="TC_06_Register_Invalid_Confirm_Password" time="1.501"/>
  <testcase classname="com.nopcommerce.user.Level_01_User_Register_DRY" name="TC_02_Register_Invalid_Email" time="1.382"/>
</testsuite> <!-- com.nopcommerce.user.Level_01_User_Register_DRY -->
