<?xml version="1.0" encoding="UTF-8"?>
<!-- Generated by org.testng.reporters.JUnitReportReporter -->
<testsuite hostname="NV_YENTT" failures="0" tests="4" name="com.jquery.uploaFile.Level_11_Upload_Files" time="23.021" errors="0" timestamp="11 Apr 2023 01:52:38 GMT" skipped="0">
  <testcase classname="com.jquery.uploaFile.Level_11_Upload_Files" name="Upload_Multi_File_Per_Time" time="6.411"/>
  <testcase classname="com.jquery.uploaFile.Level_11_Upload_Files" name="Upload_01_File_Per_Time" time="5.349"/>
  <testcase classname="com.jquery.uploaFile.Level_11_Upload_Files" name="Upload_01_File_Per_Time" time="4.749"/>
  <testcase classname="com.jquery.uploaFile.Level_11_Upload_Files" name="Upload_Multi_File_Per_Time" time="6.512"/>
</testsuite> <!-- com.jquery.uploaFile.Level_11_Upload_Files -->
