<?xml version="1.0" encoding="UTF-8"?>
<!-- Generated by org.testng.reporters.JUnitReportReporter -->
<testsuite hostname="NV_YENTT" failures="0" tests="6" name="com.nopcommerce.user.Level_17_Custom_Close_Driver" time="0.430" errors="0" timestamp="21 Apr 2023 06:58:39 GMT" skipped="0">
  <testcase classname="com.nopcommerce.user.Level_17_Custom_Close_Driver" name="Search_03_Absolute_Product_Name" time="0.049"/>
  <testcase classname="com.nopcommerce.user.Level_17_Custom_Close_Driver" name="Search_05_Incorrect_Manufactorer" time="0.017"/>
  <testcase classname="com.nopcommerce.user.Level_17_Custom_Close_Driver" name="Search_01_Empty_Data" time="0.313"/>
  <testcase classname="com.nopcommerce.user.Level_17_Custom_Close_Driver" name="Search_02_Relative_Product_Name" time="0.011"/>
  <testcase classname="com.nopcommerce.user.Level_17_Custom_Close_Driver" name="Search_06_Correct_Manufactorer" time="0.019"/>
  <testcase classname="com.nopcommerce.user.Level_17_Custom_Close_Driver" name="Search_04_Parent_Category" time="0.021"/>
</testsuite> <!-- com.nopcommerce.user.Level_17_Custom_Close_Driver -->
