<?xml version="1.0" encoding="UTF-8"?>
<!-- Generated by org.testng.reporters.JUnitReportReporter -->
<testsuite hostname="NV_YENTT" failures="0" tests="12" name="com.nopcommerce.user.Level_06_User_Apply_Page_Generater_Manage_I" time="29.436" errors="0" timestamp="09 Apr 2023 09:42:16 GMT" skipped="0">
  <testcase classname="com.nopcommerce.user.Level_06_User_Apply_Page_Generater_Manage_I" name="TC_05_Login_Registerd_Email_Incorrected_Password" time="3.897"/>
  <testcase classname="com.nopcommerce.user.Level_06_User_Apply_Page_Generater_Manage_I" name="Login_02_Invalid_Email" time="1.405"/>
  <testcase classname="com.nopcommerce.user.Level_06_User_Apply_Page_Generater_Manage_I" name="TC_03_Login_Unregisted_Email" time="2.851"/>
  <testcase classname="com.nopcommerce.user.Level_06_User_Apply_Page_Generater_Manage_I" name="TC_06_Login_Success" time="3.949"/>
  <testcase classname="com.nopcommerce.user.Level_06_User_Apply_Page_Generater_Manage_I" name="TC_06_Login_Success" time="2.390"/>
  <testcase classname="com.nopcommerce.user.Level_06_User_Apply_Page_Generater_Manage_I" name="TC_04_Login_Registerd_Email_Empty_Password" time="3.158"/>
  <testcase classname="com.nopcommerce.user.Level_06_User_Apply_Page_Generater_Manage_I" name="Login_02_Invalid_Email" time="2.359"/>
  <testcase classname="com.nopcommerce.user.Level_06_User_Apply_Page_Generater_Manage_I" name="TC_03_Login_Unregisted_Email" time="2.985"/>
  <testcase classname="com.nopcommerce.user.Level_06_User_Apply_Page_Generater_Manage_I" name="TC_05_Login_Registerd_Email_Incorrected_Password" time="2.276"/>
  <testcase classname="com.nopcommerce.user.Level_06_User_Apply_Page_Generater_Manage_I" name="Login_01_Empty_Data" time="1.174"/>
  <testcase classname="com.nopcommerce.user.Level_06_User_Apply_Page_Generater_Manage_I" name="Login_01_Empty_Data" time="1.101"/>
  <testcase classname="com.nopcommerce.user.Level_06_User_Apply_Page_Generater_Manage_I" name="TC_04_Login_Registerd_Email_Empty_Password" time="1.891"/>
</testsuite> <!-- com.nopcommerce.user.Level_06_User_Apply_Page_Generater_Manage_I -->
