<?xml version="1.0" encoding="UTF-8"?>
<!-- Generated by org.testng.reporters.JUnitReportReporter -->
<testsuite hostname="NV_YENTT" failures="0" tests="1" name="com.nopcommerce.common.Annotation" time="0.278" errors="0" timestamp="19 Apr 2023 09:46:17 GMT" skipped="0">
  <testcase classname="com.nopcommerce.common.Annotation" name="TC_01" time="0.278"/>
</testsuite> <!-- com.nopcommerce.common.Annotation -->
