<?xml version="1.0" encoding="UTF-8"?>
<!-- Generated by org.testng.reporters.JUnitReportReporter -->
<testsuite hostname="NV_YENTT" failures="0" tests="6" name="com.nopcommerce.user.Level_16_Share_Data" time="0.244" errors="0" timestamp="20 Apr 2023 02:33:21 GMT" skipped="0">
  <testcase classname="com.nopcommerce.user.Level_16_Share_Data" name="Search_01_Empty_Data" time="0.210"/>
  <testcase classname="com.nopcommerce.user.Level_16_Share_Data" name="Search_02_Relative_Product_Name" time="0.008"/>
  <testcase classname="com.nopcommerce.user.Level_16_Share_Data" name="Search_03_Absolute_Product_Name" time="0.010"/>
  <testcase classname="com.nopcommerce.user.Level_16_Share_Data" name="Search_04_Parent_Category" time="0.005"/>
  <testcase classname="com.nopcommerce.user.Level_16_Share_Data" name="Search_06_Correct_Manufactorer" time="0.007"/>
  <testcase classname="com.nopcommerce.user.Level_16_Share_Data" name="Search_05_Incorrect_Manufactorer" time="0.004"/>
</testsuite> <!-- com.nopcommerce.user.Level_16_Share_Data -->
